# JRE version: Java(TM) SE Runtime Environment (17.0.10+11) (build 17.0.10+11-LTS-240)
# Java VM: Java HotSpot(TM) 64-Bit Server VM (17.0.10+11-LTS-240, mixed mode, sharing, tiered, compressed oops, compressed class ptrs, g1 gc, windows-amd64)
GC Precious Log:
 CPUs: 8 total, 8 available
 Memory: 8103M
 Large Page Support: Disabled
 NUMA Support: Disabled
 Compressed Oops: Enabled (32-bit)
 Heap Region Size: 1M
 Heap Min Capacity: 8M
 Heap Initial Capacity: 128M
 Heap Max Capacity: 2026M
 Pre-touch: Disabled
 Parallel Workers: 8
 Concurrent Workers: 2
 Concurrent Refinement Workers: 8
 Periodic GC: Disabled
Heap:
 garbage-first heap   total 55296K, used 27320K [0x0000000081600000, 0x0000000100000000)
  region size 1024K, 2 young (2048K), 1 survivors (1024K)
 Metaspace       used 65182K, committed 65664K, reserved 1114112K
  class space    used 8904K, committed 9152K, reserved 1048576K
GC Heap History (20 events):
Event: 13.688 GC heap before
{Heap before GC invocations=15 (full 0):
 garbage-first heap   total 55296K, used 26046K [0x0000000081600000, 0x0000000100000000)
  region size 1024K, 4 young (4096K), 3 survivors (3072K)
 Metaspace       used 59609K, committed 60160K, reserved 1114112K
  class space    used 8167K, committed 8448K, reserved 1048576K
}
Event: 13.692 GC heap after
{Heap after GC invocations=16 (full 0):
 garbage-first heap   total 55296K, used 26679K [0x0000000081600000, 0x0000000100000000)
  region size 1024K, 1 young (1024K), 1 survivors (1024K)
 Metaspace       used 59609K, committed 60160K, reserved 1114112K
  class space    used 8167K, committed 8448K, reserved 1048576K
}
Event: 137.453 GC heap before
{Heap before GC invocations=17 (full 0):
 garbage-first heap   total 55296K, used 44087K [0x0000000081600000, 0x0000000100000000)
  region size 1024K, 18 young (18432K), 1 survivors (1024K)
 Metaspace       used 62396K, committed 62976K, reserved 1114112K
  class space    used 8563K, committed 8832K, reserved 1048576K
}
Event: 137.458 GC heap after
{Heap after GC invocations=18 (full 0):
 garbage-first heap   total 55296K, used 27636K [0x0000000081600000, 0x0000000100000000)
  region size 1024K, 2 young (2048K), 2 survivors (2048K)
 Metaspace       used 62396K, committed 62976K, reserved 1114112K
  class space    used 8563K, committed 8832K, reserved 1048576K
}
Event: 1024.529 GC heap before
{Heap before GC invocations=18 (full 0):
 garbage-first heap   total 55296K, used 44020K [0x0000000081600000, 0x0000000100000000)
  region size 1024K, 18 young (18432K), 2 survivors (2048K)
 Metaspace       used 63978K, committed 64512K, reserved 1114112K
  class space    used 8745K, committed 9024K, reserved 1048576K
}
Event: 1024.533 GC heap after
{Heap after GC invocations=19 (full 0):
 garbage-first heap   total 55296K, used 28062K [0x0000000081600000, 0x0000000100000000)
  region size 1024K, 2 young (2048K), 2 survivors (2048K)
 Metaspace       used 63978K, committed 64512K, reserved 1114112K
  class space    used 8745K, committed 9024K, reserved 1048576K
}
Event: 2322.372 GC heap before
{Heap before GC invocations=20 (full 0):
 garbage-first heap   total 55296K, used 44446K [0x0000000081600000, 0x0000000100000000)
  region size 1024K, 18 young (18432K), 2 survivors (2048K)
 Metaspace       used 64004K, committed 64704K, reserved 1114112K
  class space    used 8746K, committed 9088K, reserved 1048576K
}
Event: 2322.494 GC heap after
{Heap after GC invocations=21 (full 0):
 garbage-first heap   total 55296K, used 27995K [0x0000000081600000, 0x0000000100000000)
  region size 1024K, 1 young (1024K), 1 survivors (1024K)
 Metaspace       used 64004K, committed 64704K, reserved 1114112K
  class space    used 8746K, committed 9088K, reserved 1048576K
}
Event: 3790.576 GC heap before
{Heap before GC invocations=21 (full 0):
 garbage-first heap   total 55296K, used 45403K [0x0000000081600000, 0x0000000100000000)
  region size 1024K, 18 young (18432K), 1 survivors (1024K)
 Metaspace       used 64035K, committed 64704K, reserved 1114112K
  class space    used 8746K, committed 9088K, reserved 1048576K
}
Event: 3790.681 GC heap after
{Heap after GC invocations=22 (full 0):
 garbage-first heap   total 55296K, used 27818K [0x0000000081600000, 0x0000000100000000)
  region size 1024K, 1 young (1024K), 1 survivors (1024K)
 Metaspace       used 64035K, committed 64704K, reserved 1114112K
  class space    used 8746K, committed 9088K, reserved 1048576K
}
Event: 11264.754 GC heap before
{Heap before GC invocations=23 (full 0):
 garbage-first heap   total 55296K, used 44202K [0x0000000081600000, 0x0000000100000000)
  region size 1024K, 18 young (18432K), 1 survivors (1024K)
 Metaspace       used 65164K, committed 65664K, reserved 1114112K
  class space    used 8901K, committed 9152K, reserved 1048576K
}
Event: 11265.722 GC heap after
{Heap after GC invocations=24 (full 0):
 garbage-first heap   total 55296K, used 29106K [0x0000000081600000, 0x0000000100000000)
  region size 1024K, 2 young (2048K), 2 survivors (2048K)
 Metaspace       used 65164K, committed 65664K, reserved 1114112K
  class space    used 8901K, committed 9152K, reserved 1048576K
}
Event: 11352.245 GC heap before
{Heap before GC invocations=24 (full 0):
 garbage-first heap   total 55296K, used 30130K [0x0000000081600000, 0x0000000100000000)
  region size 1024K, 3 young (3072K), 2 survivors (2048K)
 Metaspace       used 65165K, committed 65664K, reserved 1114112K
  class space    used 8901K, committed 9152K, reserved 1048576K
}
Event: 11352.392 GC heap after
{Heap after GC invocations=25 (full 0):
 garbage-first heap   total 55296K, used 28650K [0x0000000081600000, 0x0000000100000000)
  region size 1024K, 1 young (1024K), 1 survivors (1024K)
 Metaspace       used 65165K, committed 65664K, reserved 1114112K
  class space    used 8901K, committed 9152K, reserved 1048576K
}
Event: 11438.872 GC heap before
{Heap before GC invocations=25 (full 0):
 garbage-first heap   total 55296K, used 29674K [0x0000000081600000, 0x0000000100000000)
  region size 1024K, 2 young (2048K), 1 survivors (1024K)
 Metaspace       used 65165K, committed 65664K, reserved 1114112K
  class space    used 8901K, committed 9152K, reserved 1048576K
}
Event: 11438.981 GC heap after
{Heap after GC invocations=26 (full 0):
 garbage-first heap   total 55296K, used 28268K [0x0000000081600000, 0x0000000100000000)
  region size 1024K, 1 young (1024K), 1 survivors (1024K)
 Metaspace       used 65165K, committed 65664K, reserved 1114112K
  class space    used 8901K, committed 9152K, reserved 1048576K
}
Event: 11525.452 GC heap before
{Heap before GC invocations=26 (full 0):
 garbage-first heap   total 55296K, used 29292K [0x0000000081600000, 0x0000000100000000)
  region size 1024K, 2 young (2048K), 1 survivors (1024K)
 Metaspace       used 65166K, committed 65664K, reserved 1114112K
  class space    used 8901K, committed 9152K, reserved 1048576K
}
Event: 11525.457 GC heap after
{Heap after GC invocations=27 (full 0):
 garbage-first heap   total 55296K, used 27727K [0x0000000081600000, 0x0000000100000000)
  region size 1024K, 1 young (1024K), 1 survivors (1024K)
 Metaspace       used 65166K, committed 65664K, reserved 1114112K
  class space    used 8901K, committed 9152K, reserved 1048576K
}
Event: 11600.685 GC heap before
{Heap before GC invocations=27 (full 0):
 garbage-first heap   total 55296K, used 28751K [0x0000000081600000, 0x0000000100000000)
  region size 1024K, 2 young (2048K), 1 survivors (1024K)
 Metaspace       used 65178K, committed 65664K, reserved 1114112K
  class space    used 8904K, committed 9152K, reserved 1048576K
}
Event: 11600.715 GC heap after
{Heap after GC invocations=28 (full 0):
 garbage-first heap   total 55296K, used 27320K [0x0000000081600000, 0x0000000100000000)
  region size 1024K, 1 young (1024K), 1 survivors (1024K)
 Metaspace       used 65178K, committed 65664K, reserved 1114112K
  class space    used 8904K, committed 9152K, reserved 1048576K
}

